{"C:\\Users\\sdelacruz\\projects\\personal\\next-messages\\express\\src\\server.ts": {"path":"C:\\Users\\sdelacruz\\projects\\personal\\next-messages\\express\\src\\server.ts","statementMap":{"0":{"start":{"line":1,"column":0},"end":{"line":1,"column":24}},"1":{"start":{"line":2,"column":0},"end":{"line":2,"column":30}},"2":{"start":{"line":3,"column":0},"end":{"line":3,"column":26}},"3":{"start":{"line":4,"column":0},"end":{"line":4,"column":61}},"4":{"start":{"line":5,"column":0},"end":{"line":5,"column":55}},"5":{"start":{"line":6,"column":0},"end":{"line":6,"column":59}},"6":{"start":{"line":7,"column":0},"end":{"line":7,"column":63}},"7":{"start":{"line":10,"column":13},"end":{"line":10,"column":37}},"8":{"start":{"line":13,"column":20},"end":{"line":47,"column":1}},"9":{"start":{"line":14,"column":2},"end":{"line":14,"column":51}},"10":{"start":{"line":15,"column":2},"end":{"line":15,"column":42}},"11":{"start":{"line":16,"column":2},"end":{"line":16,"column":51}},"12":{"start":{"line":17,"column":2},"end":{"line":17,"column":58}},"13":{"start":{"line":18,"column":2},"end":{"line":18,"column":34}},"14":{"start":{"line":20,"column":2},"end":{"line":20,"column":51}},"15":{"start":{"line":21,"column":2},"end":{"line":21,"column":42}},"16":{"start":{"line":22,"column":2},"end":{"line":22,"column":51}},"17":{"start":{"line":23,"column":2},"end":{"line":23,"column":34}},"18":{"start":{"line":24,"column":2},"end":{"line":24,"column":31}},"19":{"start":{"line":26,"column":2},"end":{"line":26,"column":51}},"20":{"start":{"line":27,"column":2},"end":{"line":27,"column":44}},"21":{"start":{"line":28,"column":2},"end":{"line":28,"column":51}},"22":{"start":{"line":29,"column":2},"end":{"line":31,"column":5}},"23":{"start":{"line":30,"column":4},"end":{"line":30,"column":70}},"24":{"start":{"line":33,"column":2},"end":{"line":33,"column":51}},"25":{"start":{"line":34,"column":2},"end":{"line":34,"column":44}},"26":{"start":{"line":35,"column":2},"end":{"line":35,"column":51}},"27":{"start":{"line":36,"column":2},"end":{"line":36,"column":33}},"28":{"start":{"line":38,"column":2},"end":{"line":38,"column":51}},"29":{"start":{"line":39,"column":2},"end":{"line":39,"column":31}},"30":{"start":{"line":40,"column":2},"end":{"line":40,"column":51}},"31":{"start":{"line":41,"column":2},"end":{"line":41,"column":46}},"32":{"start":{"line":42,"column":2},"end":{"line":46,"column":5}},"33":{"start":{"line":43,"column":4},"end":{"line":43,"column":53}},"34":{"start":{"line":44,"column":4},"end":{"line":44,"column":55}},"35":{"start":{"line":45,"column":4},"end":{"line":45,"column":53}},"36":{"start":{"line":13,"column":13},"end":{"line":13,"column":20}},"37":{"start":{"line":49,"column":24},"end":{"line":50,"column":42}},"38":{"start":{"line":50,"column":2},"end":{"line":50,"column":42}},"39":{"start":{"line":49,"column":13},"end":{"line":49,"column":24}},"40":{"start":{"line":52,"column":0},"end":{"line":52,"column":7}}},"fnMap":{"0":{"name":"(anonymous_1)","decl":{"start":{"line":13,"column":20},"end":{"line":13,"column":23}},"loc":{"start":{"line":13,"column":25},"end":{"line":47,"column":1}}},"1":{"name":"(anonymous_2)","decl":{"start":{"line":29,"column":39},"end":{"line":29,"column":40}},"loc":{"start":{"line":29,"column":58},"end":{"line":31,"column":3}}},"2":{"name":"(anonymous_3)","decl":{"start":{"line":42,"column":33},"end":{"line":42,"column":36}},"loc":{"start":{"line":42,"column":38},"end":{"line":46,"column":3}}},"3":{"name":"(anonymous_4)","decl":{"start":{"line":49,"column":24},"end":{"line":49,"column":25}},"loc":{"start":{"line":50,"column":2},"end":{"line":50,"column":42}}}},"branchMap":{"0":{"loc":{"start":{"line":50,"column":2},"end":{"line":50,"column":42}},"type":"binary-expr","locations":[{"start":{"line":50,"column":2},"end":{"line":50,"column":12}},{"start":{"line":50,"column":16},"end":{"line":50,"column":42}}]}},"s":{"0":1,"1":1,"2":1,"3":1,"4":1,"5":1,"6":1,"7":1,"8":1,"9":1,"10":1,"11":1,"12":1,"13":1,"14":1,"15":1,"16":1,"17":1,"18":1,"19":1,"20":1,"21":1,"22":1,"23":0,"24":1,"25":1,"26":1,"27":1,"28":1,"29":1,"30":1,"31":1,"32":1,"33":1,"34":1,"35":1,"36":1,"37":1,"38":1,"39":1,"40":1},"f":{"0":1,"1":0,"2":1,"3":1},"b":{"0":[1,1]}}
,"C:\\Users\\sdelacruz\\projects\\personal\\next-messages\\express\\src\\config\\config.ts": {"path":"C:\\Users\\sdelacruz\\projects\\personal\\next-messages\\express\\src\\config\\config.ts","statementMap":{"0":{"start":{"line":1,"column":0},"end":{"line":1,"column":28}},"1":{"start":{"line":3,"column":0},"end":{"line":3,"column":16}},"2":{"start":{"line":5,"column":13},"end":{"line":5,"column":66}},"3":{"start":{"line":6,"column":13},"end":{"line":6,"column":52}},"4":{"start":{"line":8,"column":13},"end":{"line":8,"column":74}},"5":{"start":{"line":9,"column":13},"end":{"line":9,"column":78}},"6":{"start":{"line":11,"column":13},"end":{"line":14,"column":2}}},"fnMap":{},"branchMap":{"0":{"loc":{"start":{"line":8,"column":31},"end":{"line":8,"column":73}},"type":"binary-expr","locations":[{"start":{"line":8,"column":31},"end":{"line":8,"column":58}},{"start":{"line":8,"column":62},"end":{"line":8,"column":73}}]},"1":{"loc":{"start":{"line":9,"column":27},"end":{"line":9,"column":77}},"type":"cond-expr","locations":[{"start":{"line":9,"column":46},"end":{"line":9,"column":70}},{"start":{"line":9,"column":73},"end":{"line":9,"column":77}}]}},"s":{"0":1,"1":1,"2":1,"3":1,"4":1,"5":1,"6":1},"f":{},"b":{"0":[1,0],"1":[0,1]}}
,"C:\\Users\\sdelacruz\\projects\\personal\\next-messages\\express\\src\\config\\logging.ts": {"path":"C:\\Users\\sdelacruz\\projects\\personal\\next-messages\\express\\src\\config\\logging.ts","statementMap":{"0":{"start":{"line":1,"column":0},"end":{"line":1,"column":32}},"1":{"start":{"line":3,"column":16},"end":{"line":34,"column":2}},"2":{"start":{"line":37,"column":2},"end":{"line":53,"column":3}},"3":{"start":{"line":38,"column":18},"end":{"line":38,"column":29}},"4":{"start":{"line":40,"column":4},"end":{"line":40,"column":41}},"5":{"start":{"line":40,"column":29},"end":{"line":40,"column":41}},"6":{"start":{"line":42,"column":17},"end":{"line":42,"column":37}},"7":{"start":{"line":43,"column":18},"end":{"line":43,"column":41}},"8":{"start":{"line":44,"column":19},"end":{"line":44,"column":36}},"9":{"start":{"line":46,"column":4},"end":{"line":46,"column":37}},"10":{"start":{"line":46,"column":25},"end":{"line":46,"column":37}},"11":{"start":{"line":48,"column":4},"end":{"line":48,"column":39}},"12":{"start":{"line":48,"column":27},"end":{"line":48,"column":39}},"13":{"start":{"line":50,"column":4},"end":{"line":50,"column":21}},"14":{"start":{"line":52,"column":4},"end":{"line":52,"column":16}},"15":{"start":{"line":36,"column":0},"end":{"line":36,"column":16}},"16":{"start":{"line":57,"column":2},"end":{"line":65,"column":6}},"17":{"start":{"line":58,"column":24},"end":{"line":65,"column":6}},"18":{"start":{"line":56,"column":0},"end":{"line":56,"column":16}},"19":{"start":{"line":69,"column":2},"end":{"line":80,"column":6}},"20":{"start":{"line":70,"column":4},"end":{"line":80,"column":6}},"21":{"start":{"line":68,"column":0},"end":{"line":68,"column":16}},"22":{"start":{"line":84,"column":2},"end":{"line":95,"column":6}},"23":{"start":{"line":85,"column":4},"end":{"line":95,"column":6}},"24":{"start":{"line":83,"column":0},"end":{"line":83,"column":16}},"25":{"start":{"line":99,"column":2},"end":{"line":110,"column":6}},"26":{"start":{"line":100,"column":4},"end":{"line":110,"column":6}},"27":{"start":{"line":98,"column":0},"end":{"line":98,"column":16}},"28":{"start":{"line":113,"column":16},"end":{"line":120,"column":2}},"29":{"start":{"line":135,"column":0},"end":{"line":135,"column":29}},"30":{"start":{"line":137,"column":0},"end":{"line":137,"column":23}},"31":{"start":{"line":144,"column":85},"end":{"line":144,"column":39090}},"32":{"start":{"line":144,"column":89},"end":{"line":144,"column":39079}},"33":{"start":{"line":144,"column":39205},"end":{"line":144,"column":39211}},"34":{"start":{"line":144,"column":39326},"end":{"line":144,"column":39332}},"35":{"start":{"line":144,"column":39451},"end":{"line":144,"column":39457}},"36":{"start":{"line":144,"column":39601},"end":{"line":144,"column":39607}}},"fnMap":{"0":{"name":"getCallingFunction","decl":{"start":{"line":36,"column":16},"end":{"line":36,"column":34}},"loc":{"start":{"line":36,"column":47},"end":{"line":54,"column":1}}},"1":{"name":"log","decl":{"start":{"line":56,"column":16},"end":{"line":56,"column":19}},"loc":{"start":{"line":56,"column":59},"end":{"line":66,"column":1}}},"2":{"name":"info","decl":{"start":{"line":68,"column":16},"end":{"line":68,"column":20}},"loc":{"start":{"line":68,"column":60},"end":{"line":81,"column":1}}},"3":{"name":"warn","decl":{"start":{"line":83,"column":16},"end":{"line":83,"column":20}},"loc":{"start":{"line":83,"column":60},"end":{"line":96,"column":1}}},"4":{"name":"error","decl":{"start":{"line":98,"column":16},"end":{"line":98,"column":21}},"loc":{"start":{"line":98,"column":61},"end":{"line":111,"column":1}}},"5":{"name":"oo_cm","decl":{"start":{"line":144,"column":77},"end":{"line":144,"column":82}},"loc":{"start":{"line":144,"column":82},"end":{"line":144,"column":39091}}}},"branchMap":{"0":{"loc":{"start":{"line":40,"column":4},"end":{"line":40,"column":41}},"type":"if","locations":[{"start":{"line":40,"column":4},"end":{"line":40,"column":41}}]},"1":{"loc":{"start":{"line":46,"column":4},"end":{"line":46,"column":37}},"type":"if","locations":[{"start":{"line":46,"column":4},"end":{"line":46,"column":37}}]},"2":{"loc":{"start":{"line":48,"column":4},"end":{"line":48,"column":39}},"type":"if","locations":[{"start":{"line":48,"column":4},"end":{"line":48,"column":39}}]},"3":{"loc":{"start":{"line":57,"column":2},"end":{"line":65,"column":6}},"type":"if","locations":[{"start":{"line":57,"column":2},"end":{"line":65,"column":6}}]},"4":{"loc":{"start":{"line":69,"column":2},"end":{"line":80,"column":6}},"type":"if","locations":[{"start":{"line":69,"column":2},"end":{"line":80,"column":6}}]},"5":{"loc":{"start":{"line":84,"column":2},"end":{"line":95,"column":6}},"type":"if","locations":[{"start":{"line":84,"column":2},"end":{"line":95,"column":6}}]},"6":{"loc":{"start":{"line":99,"column":2},"end":{"line":110,"column":6}},"type":"if","locations":[{"start":{"line":99,"column":2},"end":{"line":110,"column":6}}]},"7":{"loc":{"start":{"line":144,"column":96},"end":{"line":144,"column":39078}},"type":"binary-expr","locations":[{"start":{"line":144,"column":96},"end":{"line":144,"column":133}},{"start":{"line":144,"column":137},"end":{"line":144,"column":39078}}]}},"s":{"0":1,"1":1,"2":0,"3":0,"4":0,"5":0,"6":0,"7":0,"8":0,"9":0,"10":0,"11":0,"12":0,"13":0,"14":0,"15":1,"16":4,"17":0,"18":1,"19":18,"20":0,"21":1,"22":0,"23":0,"24":1,"25":1,"26":0,"27":1,"28":1,"29":1,"30":1,"31":0,"32":0,"33":1,"34":1,"35":1,"36":1},"f":{"0":0,"1":4,"2":18,"3":0,"4":1,"5":0},"b":{"0":[0],"1":[0],"2":[0],"3":[0],"4":[0],"5":[0],"6":[0],"7":[0,0]}}
,"C:\\Users\\sdelacruz\\projects\\personal\\next-messages\\express\\src\\middleware\\corsHandler.ts": {"path":"C:\\Users\\sdelacruz\\projects\\personal\\next-messages\\express\\src\\middleware\\corsHandler.ts","statementMap":{"0":{"start":{"line":4,"column":2},"end":{"line":4,"column":66}},"1":{"start":{"line":5,"column":2},"end":{"line":8,"column":4}},"2":{"start":{"line":9,"column":2},"end":{"line":9,"column":57}},"3":{"start":{"line":11,"column":2},"end":{"line":14,"column":3}},"4":{"start":{"line":12,"column":4},"end":{"line":12,"column":80}},"5":{"start":{"line":13,"column":4},"end":{"line":13,"column":36}},"6":{"start":{"line":16,"column":2},"end":{"line":16,"column":9}},"7":{"start":{"line":3,"column":0},"end":{"line":3,"column":16}}},"fnMap":{"0":{"name":"corsHandler","decl":{"start":{"line":3,"column":16},"end":{"line":3,"column":27}},"loc":{"start":{"line":3,"column":75},"end":{"line":17,"column":1}}}},"branchMap":{"0":{"loc":{"start":{"line":11,"column":2},"end":{"line":14,"column":3}},"type":"if","locations":[{"start":{"line":11,"column":2},"end":{"line":14,"column":3}}]}},"s":{"0":2,"1":2,"2":2,"3":2,"4":1,"5":1,"6":1,"7":1},"f":{"0":2},"b":{"0":[1]}}
,"C:\\Users\\sdelacruz\\projects\\personal\\next-messages\\express\\src\\middleware\\loggingHandler.ts": {"path":"C:\\Users\\sdelacruz\\projects\\personal\\next-messages\\express\\src\\middleware\\loggingHandler.ts","statementMap":{"0":{"start":{"line":8,"column":2},"end":{"line":10,"column":4}},"1":{"start":{"line":12,"column":2},"end":{"line":16,"column":5}},"2":{"start":{"line":13,"column":4},"end":{"line":15,"column":6}},"3":{"start":{"line":18,"column":2},"end":{"line":18,"column":9}},"4":{"start":{"line":3,"column":0},"end":{"line":3,"column":16}}},"fnMap":{"0":{"name":"loggingHandler","decl":{"start":{"line":3,"column":16},"end":{"line":3,"column":30}},"loc":{"start":{"line":6,"column":20},"end":{"line":19,"column":1}}},"1":{"name":"(anonymous_1)","decl":{"start":{"line":12,"column":19},"end":{"line":12,"column":22}},"loc":{"start":{"line":12,"column":24},"end":{"line":16,"column":3}}}},"branchMap":{},"s":{"0":2,"1":2,"2":2,"3":2,"4":1},"f":{"0":2,"1":2},"b":{}}
,"C:\\Users\\sdelacruz\\projects\\personal\\next-messages\\express\\src\\middleware\\routeNotFound.ts": {"path":"C:\\Users\\sdelacruz\\projects\\personal\\next-messages\\express\\src\\middleware\\routeNotFound.ts","statementMap":{"0":{"start":{"line":4,"column":16},"end":{"line":4,"column":44}},"1":{"start":{"line":6,"column":2},"end":{"line":6,"column":23}},"2":{"start":{"line":8,"column":2},"end":{"line":8,"column":56}},"3":{"start":{"line":3,"column":0},"end":{"line":3,"column":16}}},"fnMap":{"0":{"name":"routeNotFound","decl":{"start":{"line":3,"column":16},"end":{"line":3,"column":29}},"loc":{"start":{"line":3,"column":77},"end":{"line":9,"column":1}}}},"branchMap":{},"s":{"0":1,"1":1,"2":1,"3":1},"f":{"0":1},"b":{}}
}
