TN:
SF:src\server.ts
FN:13,(anonymous_1)
FN:29,(anonymous_2)
FN:42,(anonymous_3)
FN:49,(anonymous_4)
FNF:4
FNH:3
FNDA:1,(anonymous_1)
FNDA:0,(anonymous_2)
FNDA:1,(anonymous_3)
FNDA:1,(anonymous_4)
DA:1,1
DA:2,1
DA:3,1
DA:4,1
DA:5,1
DA:6,1
DA:7,1
DA:10,1
DA:13,1
DA:14,1
DA:15,1
DA:16,1
DA:17,1
DA:18,1
DA:20,1
DA:21,1
DA:22,1
DA:23,1
DA:24,1
DA:26,1
DA:27,1
DA:28,1
DA:29,1
DA:30,0
DA:33,1
DA:34,1
DA:35,1
DA:36,1
DA:38,1
DA:39,1
DA:40,1
DA:41,1
DA:42,1
DA:43,1
DA:44,1
DA:45,1
DA:49,1
DA:50,1
DA:52,1
LF:39
LH:38
BRDA:50,0,0,1
BRDA:50,0,1,1
BRF:2
BRH:2
end_of_record
TN:
SF:src\config\config.ts
FNF:0
FNH:0
DA:1,1
DA:3,1
DA:5,1
DA:6,1
DA:8,1
DA:9,1
DA:11,1
LF:7
LH:7
BRDA:8,0,0,1
BRDA:8,0,1,0
BRDA:9,1,0,0
BRDA:9,1,1,1
BRF:4
BRH:2
end_of_record
TN:
SF:src\config\logging.ts
FN:36,getCallingFunction
FN:56,log
FN:68,info
FN:83,warn
FN:98,error
FN:144,oo_cm
FNF:6
FNH:3
FNDA:0,getCallingFunction
FNDA:4,log
FNDA:18,info
FNDA:0,warn
FNDA:1,error
FNDA:0,oo_cm
DA:1,1
DA:3,1
DA:36,1
DA:37,0
DA:38,0
DA:40,0
DA:42,0
DA:43,0
DA:44,0
DA:46,0
DA:48,0
DA:50,0
DA:52,0
DA:56,1
DA:57,4
DA:58,0
DA:68,1
DA:69,18
DA:70,0
DA:83,1
DA:84,0
DA:85,0
DA:98,1
DA:99,1
DA:100,0
DA:113,1
DA:135,1
DA:137,1
DA:144,1
LF:29
LH:14
BRDA:40,0,0,0
BRDA:46,1,0,0
BRDA:48,2,0,0
BRDA:57,3,0,0
BRDA:69,4,0,0
BRDA:84,5,0,0
BRDA:99,6,0,0
BRDA:144,7,0,0
BRDA:144,7,1,0
BRF:9
BRH:0
end_of_record
TN:
SF:src\middleware\corsHandler.ts
FN:3,corsHandler
FNF:1
FNH:1
FNDA:2,corsHandler
DA:3,1
DA:4,2
DA:5,2
DA:9,2
DA:11,2
DA:12,1
DA:13,1
DA:16,1
LF:8
LH:8
BRDA:11,0,0,1
BRF:1
BRH:1
end_of_record
TN:
SF:src\middleware\loggingHandler.ts
FN:3,loggingHandler
FN:12,(anonymous_1)
FNF:2
FNH:2
FNDA:2,loggingHandler
FNDA:2,(anonymous_1)
DA:3,1
DA:8,2
DA:12,2
DA:13,2
DA:18,2
LF:5
LH:5
BRF:0
BRH:0
end_of_record
TN:
SF:src\middleware\routeNotFound.ts
FN:3,routeNotFound
FNF:1
FNH:1
FNDA:1,routeNotFound
DA:3,1
DA:4,1
DA:6,1
DA:8,1
LF:4
LH:4
BRF:0
BRH:0
end_of_record
